<?xml version="1.0" encoding="UTF-8"?>
<testng-results skipped="0" failed="0" ignored="0" total="1" passed="1">
  <reporter-output>
  </reporter-output>
  <suite name="All Test Suite" duration-ms="18854" started-at="2020-11-23T17:10:08 CST" finished-at="2020-11-23T17:10:27 CST">
    <groups>
    </groups>
    <test name="C:/Workspace/learn-selenium/selenium-test/src/test/java/test/Test10ExtentReportsWithTestNG.java" duration-ms="18854" started-at="2020-11-23T17:10:08 CST" finished-at="2020-11-23T17:10:27 CST">
      <class name="test.Test10ExtentReportsWithTestNG">
        <test-method status="PASS" signature="setUpTest()[pri:0, instance:test.Test10ExtentReportsWithTestNG@7a3d45bd]" name="setUpTest" is-config="true" duration-ms="6524" started-at="2020-11-23T17:10:01 CST" finished-at="2020-11-23T17:10:08 CST">
          <reporter-output>
          </reporter-output>
        </test-method> <!-- setUpTest -->
        <test-method status="PASS" signature="googleSearch()[pri:0, instance:test.Test10ExtentReportsWithTestNG@7a3d45bd]" name="googleSearch" duration-ms="18762" started-at="2020-11-23T17:10:08 CST" finished-at="2020-11-23T17:10:27 CST">
          <reporter-output>
          </reporter-output>
        </test-method> <!-- googleSearch -->
        <test-method status="PASS" signature="tearDownTest()[pri:0, instance:test.Test10ExtentReportsWithTestNG@7a3d45bd]" name="tearDownTest" is-config="true" duration-ms="1058" started-at="2020-11-23T17:10:27 CST" finished-at="2020-11-23T17:10:28 CST">
          <reporter-output>
          </reporter-output>
        </test-method> <!-- tearDownTest -->
      </class> <!-- test.Test10ExtentReportsWithTestNG -->
    </test> <!-- C:/Workspace/learn-selenium/selenium-test/src/test/java/test/Test10ExtentReportsWithTestNG.java -->
  </suite> <!-- All Test Suite -->
</testng-results>
